2024-08-08 23:55:01.080 [info] Reading sessions from keychain...
2024-08-08 23:55:01.080 [info] Getting sessions for all scopes...
2024-08-08 23:55:01.080 [info] Getting sessions for all scopes...
2024-08-08 23:55:01.080 [info] Got 0 sessions for ...
2024-08-08 23:55:01.080 [info] Got 0 sessions for ...
2024-08-08 23:55:01.080 [info] Getting sessions for read:user,repo,user:email,workflow...
2024-08-08 23:55:01.080 [info] Got 0 sessions for read:user,repo,user:email,workflow...
2024-08-08 23:55:03.746 [info] Logging in with 'any' account...
2024-08-08 23:55:03.746 [info] Logging in for the following scopes: read:user repo user:email workflow
2024-08-08 23:55:03.748 [info] Trying without local server... (read:user repo user:email workflow)
2024-08-08 23:55:13.127 [info] Exchanging code for token...
2024-08-08 23:55:13.839 [info] Token exchange success!
2024-08-08 23:55:13.839 [info] Getting user info...
2024-08-08 23:55:14.404 [info] Got account info!
2024-08-08 23:55:14.404 [info] Storing 1 sessions...
2024-08-08 23:55:22.852 [info] Reading sessions from keychain...
2024-08-08 23:55:22.853 [info] Stored 1 sessions!
2024-08-08 23:55:22.853 [info] Login success!
2024-08-08 23:55:22.871 [info] Got stored sessions!
2024-08-08 23:55:22.871 [info] Got 1 verified sessions.
2024-08-08 23:55:23.449 [info] Getting sessions for read:user,repo,user:email,workflow...
2024-08-08 23:55:23.449 [info] Got 1 sessions for read:user,repo,user:email,workflow...
2024-08-08 23:55:23.494 [info] Getting sessions for read:user,repo,user:email,workflow...
2024-08-08 23:55:23.494 [info] Got 1 sessions for read:user,repo,user:email,workflow...
