2024-08-08 22:15:10.389 [info] [main] Log level: Info
2024-08-08 22:15:10.389 [info] [main] Validating found git in: "git"
2024-08-08 22:15:10.389 [info] [main] Using git "2.46.0" from "git"
2024-08-08 22:15:10.389 [info] [Model][doInitialScan] Initial repository scan started
2024-08-08 22:15:10.389 [info] [Model][doInitialScan] Initial repository scan completed - repositories (0), closed repositories (0), parent repositories (0), unsafe repositories (0)
2024-08-08 22:15:25.834 [info] [main] Log level: Info
2024-08-08 22:15:25.834 [info] [main] Validating found git in: "git"
2024-08-08 22:15:25.834 [info] [main] Using git "2.46.0" from "git"
2024-08-08 22:15:25.834 [info] [Model][doInitialScan] Initial repository scan started
2024-08-08 22:15:25.834 [info] > git rev-parse --show-toplevel [1ms]
2024-08-08 22:15:25.834 [info] fatal: not a git repository (or any parent up to mount point /)
Stopping at filesystem boundary (GIT_DISCOVERY_ACROSS_FILESYSTEM not set).
2024-08-08 22:15:25.834 [info] [Model][doInitialScan] Initial repository scan completed - repositories (0), closed repositories (0), parent repositories (0), unsafe repositories (0)
2024-08-08 22:15:25.928 [info] > git rev-parse --show-toplevel [1ms]
2024-08-08 22:15:25.928 [info] fatal: not a git repository (or any parent up to mount point /)
Stopping at filesystem boundary (GIT_DISCOVERY_ACROSS_FILESYSTEM not set).
2024-08-08 22:15:27.176 [info] > git rev-parse --show-toplevel [0ms]
2024-08-08 22:15:27.176 [info] fatal: not a git repository (or any parent up to mount point /)
Stopping at filesystem boundary (GIT_DISCOVERY_ACROSS_FILESYSTEM not set).
2024-08-08 22:15:28.016 [info] > git rev-parse --show-toplevel [3ms]
2024-08-08 22:15:28.016 [info] fatal: not a git repository (or any parent up to mount point /)
Stopping at filesystem boundary (GIT_DISCOVERY_ACROSS_FILESYSTEM not set).
2024-08-08 22:15:29.857 [info] > git rev-parse --show-toplevel [1ms]
2024-08-08 22:15:29.857 [info] fatal: not a git repository (or any parent up to mount point /)
Stopping at filesystem boundary (GIT_DISCOVERY_ACROSS_FILESYSTEM not set).
