2024-08-08 22:15:10.255 [info] Extension host with pid 4111 started
2024-08-08 22:15:10.314 [info] ExtensionService#_doActivateExtension vscode.git-base, startup: true, activationEvent: '*', root cause: vscode.git
2024-08-08 22:15:10.316 [info] ExtensionService#_doActivateExtension kamikillerto.vscode-colorize, startup: true, activationEvent: '*'
2024-08-08 22:15:10.337 [info] ExtensionService#_doActivateExtension vscode.git, startup: true, activationEvent: '*'
2024-08-08 22:15:10.356 [info] ExtensionService#_doActivateExtension vscode.github, startup: true, activationEvent: '*'
2024-08-08 22:15:10.387 [info] Eager extensions activated
2024-08-08 22:15:10.397 [info] ExtensionService#_doActivateExtension vscode.debug-auto-launch, startup: false, activationEvent: 'onStartupFinished'
2024-08-08 22:15:10.398 [info] ExtensionService#_doActivateExtension vscode.merge-conflict, startup: false, activationEvent: 'onStartupFinished'
2024-08-08 22:15:25.239 [info] Extension host terminating: renderer closed the MessagePort
2024-08-08 22:15:25.249 [info] Extension host with pid 4111 exiting with code 0
2024-08-08 22:15:25.746 [info] Extension host with pid 4203 started
2024-08-08 22:15:25.746 [info] Skipping acquiring lock for /home/linus/.config/Code/User/workspaceStorage/5a8327519768f66a1529bf1fd0116feb.
2024-08-08 22:15:25.761 [info] ExtensionService#_doActivateExtension vscode.git-base, startup: true, activationEvent: '*', root cause: vscode.git
2024-08-08 22:15:25.763 [info] ExtensionService#_doActivateExtension kamikillerto.vscode-colorize, startup: true, activationEvent: '*'
2024-08-08 22:15:25.778 [info] ExtensionService#_doActivateExtension vscode.git, startup: true, activationEvent: '*'
2024-08-08 22:15:25.792 [info] ExtensionService#_doActivateExtension vscode.github, startup: true, activationEvent: '*'
2024-08-08 22:15:25.832 [info] Eager extensions activated
2024-08-08 22:15:25.855 [info] ExtensionService#_doActivateExtension vscode.debug-auto-launch, startup: false, activationEvent: 'onStartupFinished'
2024-08-08 22:15:25.856 [info] ExtensionService#_doActivateExtension vscode.merge-conflict, startup: false, activationEvent: 'onStartupFinished'
2024-08-08 22:15:27.200 [info] ExtensionService#_doActivateExtension vscode.css-language-features, startup: false, activationEvent: 'onLanguage:css'
2024-08-08 22:15:27.208 [info] ExtensionService#_doActivateExtension vscode.emmet, startup: false, activationEvent: 'onLanguage'
2024-08-08 22:15:30.702 [info] ExtensionService#_doActivateExtension vscode.configuration-editing, startup: false, activationEvent: 'onLanguage:json'
2024-08-08 22:15:30.706 [info] ExtensionService#_doActivateExtension vscode.extension-editing, startup: false, activationEvent: 'onLanguage:json'
2024-08-08 22:15:30.715 [info] ExtensionService#_doActivateExtension vscode.json-language-features, startup: false, activationEvent: 'onLanguage:json'
2024-08-08 22:15:30.727 [info] ExtensionService#_doActivateExtension vscode.npm, startup: false, activationEvent: 'onLanguage:json'
2024-08-08 22:17:00.300 [info] ExtensionService#_doActivateExtension vscode.typescript-language-features, startup: false, activationEvent: 'onLanguage:jsonc'
